

times in msec
 clock   self+sourced   self:  sourced script
 clock   elapsed:              other lines

000.007  000.007: --- NVIM STARTING ---
000.258  000.251: locale set
000.549  000.291: inits 1
000.561  000.011: window checked
004.097  003.537: parsing arguments
004.125  000.028: expanding arguments
004.138  000.013: inits 2
004.422  000.284: init highlight
004.423  000.001: waiting for UI
005.443  001.020: done waiting for UI
005.461  000.019: init screen for UI
005.473  000.011: init default mappings
005.524  000.051: init default autocommands
005.560  000.008  000.008: sourcing /usr/share/nvim/archlinux.vim
005.562  000.025  000.017: sourcing /etc/xdg/nvim/sysinit.vim
033.177  001.396  001.396: sourcing /home/c/.local/share/nvim/site/pack/packer/start/material.nvim/colors/material.vim
039.331  033.759  032.363: sourcing /home/c/.config/nvim/init.lua
039.339  000.031: sourcing vimrc file(s)
039.380  000.017  000.017: sourcing /home/c/.local/share/nvim/site/pack/packer/start/filetype.nvim/filetype.vim
039.484  000.079  000.079: sourcing /usr/share/nvim/runtime/filetype.vim
039.583  000.049  000.049: sourcing /usr/share/nvim/runtime/ftplugin.vim
039.635  000.015  000.015: sourcing /usr/share/nvim/runtime/indent.vim
039.745  000.048  000.048: sourcing /usr/share/nvim/runtime/syntax/synload.vim
039.796  000.144  000.095: sourcing /usr/share/nvim/runtime/syntax/syntax.vim
040.235  000.010  000.010: sourcing /usr/share/nvim/runtime/plugin/gzip.vim
040.249  000.006  000.006: sourcing /usr/share/nvim/runtime/plugin/health.vim
040.276  000.021  000.021: sourcing /usr/share/nvim/runtime/plugin/man.vim
040.292  000.007  000.007: sourcing /usr/share/nvim/runtime/plugin/matchit.vim
040.384  000.085  000.085: sourcing /usr/share/nvim/runtime/plugin/matchparen.vim
040.402  000.010  000.010: sourcing /usr/share/nvim/runtime/plugin/netrwPlugin.vim
040.486  000.006  000.006: sourcing /home/c/.local/share/nvim/rplugin.vim
040.489  000.081  000.075: sourcing /usr/share/nvim/runtime/plugin/rplugin.vim
040.532  000.036  000.036: sourcing /usr/share/nvim/runtime/plugin/shada.vim
041.111  000.568  000.568: sourcing /usr/share/nvim/runtime/plugin/sniprun.vim
041.136  000.008  000.008: sourcing /usr/share/nvim/runtime/plugin/spellfile.vim
041.154  000.009  000.009: sourcing /usr/share/nvim/runtime/plugin/tarPlugin.vim
041.168  000.006  000.006: sourcing /usr/share/nvim/runtime/plugin/tohtml.vim
041.186  000.010  000.010: sourcing /usr/share/nvim/runtime/plugin/tutor.vim
041.204  000.010  000.010: sourcing /usr/share/nvim/runtime/plugin/zipPlugin.vim
041.569  000.326  000.326: sourcing /usr/share/vim/vimfiles/plugin/fzf.vim
042.087  000.469  000.469: sourcing /home/c/.config/nvim/plugin/packer_compiled.lua
042.210  000.905: loading rtp plugins
042.708  000.342  000.342: sourcing /home/c/.local/share/nvim/site/pack/packer/start/nvim-treesitter/plugin/nvim-treesitter.vim
042.800  000.021  000.021: sourcing /home/c/.local/share/nvim/site/pack/packer/start/nvim-web-devicons/plugin/nvim-web-devicons.vim
042.874  000.018  000.018: sourcing /home/c/.local/share/nvim/site/pack/packer/start/plenary.nvim/plugin/plenary.vim
042.971  000.381: loading packages
043.308  000.337: loading after plugins
043.317  000.009: inits 3
044.497  001.180: reading ShaDa
047.652  000.043  000.043: sourcing /usr/share/nvim/runtime/ftplugin/lua.vim
048.179  000.025  000.025: sourcing /usr/share/nvim/runtime/indent/lua.vim
048.763  000.432  000.432: sourcing /usr/share/nvim/runtime/syntax/lua.vim
051.436  000.081  000.081: sourcing /home/c/.local/share/nvim/site/pack/packer/opt/vim-commentary/plugin/commentary.vim
051.784  000.206  000.206: sourcing /home/c/.local/share/nvim/site/pack/packer/opt/vim-surround/plugin/surround.vim
052.432  000.515  000.515: sourcing /home/c/.local/share/nvim/site/pack/packer/opt/indent-blankline.nvim/plugin/indent_blankline.vim
053.601  000.696  000.696: sourcing /home/c/.local/share/nvim/site/pack/packer/opt/lightspeed.nvim/plugin/lightspeed.vim
053.776  000.021  000.021: sourcing /home/c/.local/share/nvim/site/pack/packer/opt/nvim-colorizer.lua/plugin/colorizer.vim
054.677  000.538  000.538: sourcing /home/c/.local/share/nvim/site/pack/packer/opt/nvim-cmp/plugin/cmp.lua
055.090  000.111  000.111: sourcing /home/c/.local/share/nvim/site/pack/packer/opt/LuaSnip/plugin/luasnip.vim
055.143  000.008  000.008: sourcing /home/c/.local/share/nvim/site/pack/packer/opt/LuaSnip/ftdetect/snippets.vim
055.353  000.068  000.068: sourcing /home/c/.local/share/nvim/site/pack/packer/opt/cmp_luasnip/after/plugin/cmp_luasnip.lua
055.553  000.092  000.092: sourcing /home/c/.local/share/nvim/site/pack/packer/opt/cmp-nvim-lsp/after/plugin/cmp_nvim_lsp.lua
055.716  000.053  000.053: sourcing /home/c/.local/share/nvim/site/pack/packer/opt/cmp-path/after/plugin/cmp_path.lua
056.446  009.058: opening buffers
056.499  000.054: BufEnter autocommands
056.501  000.002: editing files in windows
056.611  000.008  000.008: sourcing /home/c/.local/share/nvim/site/pack/packer/opt/which-key.nvim/plugin/which-key.vim
065.099  000.017  000.017: sourcing /home/c/.local/share/nvim/site/pack/packer/opt/todo-comments.nvim/plugin/todo.vim
067.364  010.837: VimEnter autocommands
067.366  000.002: UIEnter autocommands
068.234  000.138  000.138: sourcing /usr/share/nvim/runtime/autoload/provider/clipboard.vim
068.238  000.734: before starting main loop
072.932  004.694: first screen update
072.934  000.002: --- NVIM STARTED ---


times in msec
 clock   self+sourced   self:  sourced script
 clock   elapsed:              other lines

000.004  000.004: --- NVIM STARTING ---
000.167  000.163: locale set
000.337  000.170: inits 1
000.345  000.007: window checked
002.398  002.053: parsing arguments
002.424  000.026: expanding arguments
002.438  000.014: inits 2
002.719  000.281: init highlight
002.720  000.001: waiting for UI
003.402  000.682: done waiting for UI
003.420  000.018: init screen for UI
003.431  000.011: init default mappings
003.477  000.047: init default autocommands
003.509  000.008  000.008: sourcing /usr/share/nvim/archlinux.vim
003.511  000.023  000.015: sourcing /etc/xdg/nvim/sysinit.vim
031.860  001.502  001.502: sourcing /home/c/.local/share/nvim/site/pack/packer/start/material.nvim/colors/material.vim
038.110  034.589  033.087: sourcing /home/c/.config/nvim/init.lua
038.118  000.029: sourcing vimrc file(s)
038.159  000.018  000.018: sourcing /home/c/.local/share/nvim/site/pack/packer/start/filetype.nvim/filetype.vim
038.263  000.078  000.078: sourcing /usr/share/nvim/runtime/filetype.vim
038.328  000.023  000.023: sourcing /usr/share/nvim/runtime/ftplugin.vim
038.382  000.015  000.015: sourcing /usr/share/nvim/runtime/indent.vim
038.514  000.047  000.047: sourcing /usr/share/nvim/runtime/syntax/synload.vim
038.568  000.168  000.121: sourcing /usr/share/nvim/runtime/syntax/syntax.vim
039.009  000.010  000.010: sourcing /usr/share/nvim/runtime/plugin/gzip.vim
039.024  000.006  000.006: sourcing /usr/share/nvim/runtime/plugin/health.vim
039.051  000.020  000.020: sourcing /usr/share/nvim/runtime/plugin/man.vim
039.064  000.007  000.007: sourcing /usr/share/nvim/runtime/plugin/matchit.vim
039.159  000.088  000.088: sourcing /usr/share/nvim/runtime/plugin/matchparen.vim
039.179  000.010  000.010: sourcing /usr/share/nvim/runtime/plugin/netrwPlugin.vim
039.262  000.006  000.006: sourcing /home/c/.local/share/nvim/rplugin.vim
039.265  000.080  000.074: sourcing /usr/share/nvim/runtime/plugin/rplugin.vim
039.309  000.037  000.037: sourcing /usr/share/nvim/runtime/plugin/shada.vim
039.880  000.559  000.559: sourcing /usr/share/nvim/runtime/plugin/sniprun.vim
039.905  000.008  000.008: sourcing /usr/share/nvim/runtime/plugin/spellfile.vim
039.924  000.010  000.010: sourcing /usr/share/nvim/runtime/plugin/tarPlugin.vim
039.939  000.006  000.006: sourcing /usr/share/nvim/runtime/plugin/tohtml.vim
039.958  000.010  000.010: sourcing /usr/share/nvim/runtime/plugin/tutor.vim
039.976  000.010  000.010: sourcing /usr/share/nvim/runtime/plugin/zipPlugin.vim
040.342  000.329  000.329: sourcing /usr/share/vim/vimfiles/plugin/fzf.vim
040.855  000.464  000.464: sourcing /home/c/.config/nvim/plugin/packer_compiled.lua
040.978  000.903: loading rtp plugins
041.492  000.352  000.352: sourcing /home/c/.local/share/nvim/site/pack/packer/start/nvim-treesitter/plugin/nvim-treesitter.vim
041.589  000.023  000.023: sourcing /home/c/.local/share/nvim/site/pack/packer/start/nvim-web-devicons/plugin/nvim-web-devicons.vim
041.663  000.020  000.020: sourcing /home/c/.local/share/nvim/site/pack/packer/start/plenary.nvim/plugin/plenary.vim
041.758  000.385: loading packages
042.099  000.341: loading after plugins
042.108  000.009: inits 3
043.304  001.196: reading ShaDa
046.488  000.047  000.047: sourcing /usr/share/nvim/runtime/ftplugin/lua.vim
047.024  000.026  000.026: sourcing /usr/share/nvim/runtime/indent/lua.vim
047.625  000.449  000.449: sourcing /usr/share/nvim/runtime/syntax/lua.vim
050.345  000.080  000.080: sourcing /home/c/.local/share/nvim/site/pack/packer/opt/vim-commentary/plugin/commentary.vim
050.689  000.209  000.209: sourcing /home/c/.local/share/nvim/site/pack/packer/opt/vim-surround/plugin/surround.vim
051.389  000.564  000.564: sourcing /home/c/.local/share/nvim/site/pack/packer/opt/indent-blankline.nvim/plugin/indent_blankline.vim
052.478  000.666  000.666: sourcing /home/c/.local/share/nvim/site/pack/packer/opt/lightspeed.nvim/plugin/lightspeed.vim
052.646  000.020  000.020: sourcing /home/c/.local/share/nvim/site/pack/packer/opt/nvim-colorizer.lua/plugin/colorizer.vim
053.356  000.457  000.457: sourcing /home/c/.local/share/nvim/site/pack/packer/opt/nvim-cmp/plugin/cmp.lua
053.772  000.114  000.114: sourcing /home/c/.local/share/nvim/site/pack/packer/opt/LuaSnip/plugin/luasnip.vim
053.825  000.008  000.008: sourcing /home/c/.local/share/nvim/site/pack/packer/opt/LuaSnip/ftdetect/snippets.vim
054.034  000.067  000.067: sourcing /home/c/.local/share/nvim/site/pack/packer/opt/cmp_luasnip/after/plugin/cmp_luasnip.lua
054.216  000.074  000.074: sourcing /home/c/.local/share/nvim/site/pack/packer/opt/cmp-nvim-lsp/after/plugin/cmp_nvim_lsp.lua
054.378  000.049  000.049: sourcing /home/c/.local/share/nvim/site/pack/packer/opt/cmp-path/after/plugin/cmp_path.lua
055.150  009.015: opening buffers
055.203  000.053: BufEnter autocommands
055.205  000.002: editing files in windows
055.318  000.009  000.009: sourcing /home/c/.local/share/nvim/site/pack/packer/opt/which-key.nvim/plugin/which-key.vim
063.528  000.018  000.018: sourcing /home/c/.local/share/nvim/site/pack/packer/opt/todo-comments.nvim/plugin/todo.vim
065.539  010.308: VimEnter autocommands
065.542  000.002: UIEnter autocommands
066.451  000.138  000.138: sourcing /usr/share/nvim/runtime/autoload/provider/clipboard.vim
066.456  000.776: before starting main loop
071.024  004.568: first screen update
071.026  000.002: --- NVIM STARTED ---


times in msec
 clock   self+sourced   self:  sourced script
 clock   elapsed:              other lines

000.005  000.005: --- NVIM STARTING ---
000.169  000.165: locale set
000.364  000.195: inits 1
000.370  000.006: window checked
002.433  002.063: parsing arguments
002.460  000.027: expanding arguments
002.476  000.016: inits 2
002.757  000.281: init highlight
002.758  000.001: waiting for UI
003.530  000.773: done waiting for UI
003.549  000.019: init screen for UI
003.561  000.011: init default mappings
003.605  000.045: init default autocommands
003.638  000.008  000.008: sourcing /usr/share/nvim/archlinux.vim
003.640  000.023  000.014: sourcing /etc/xdg/nvim/sysinit.vim
031.173  001.450  001.450: sourcing /home/c/.local/share/nvim/site/pack/packer/start/material.nvim/colors/material.vim
037.330  033.680  032.230: sourcing /home/c/.config/nvim/init.lua
037.338  000.030: sourcing vimrc file(s)
037.379  000.017  000.017: sourcing /home/c/.local/share/nvim/site/pack/packer/start/filetype.nvim/filetype.vim
037.509  000.106  000.106: sourcing /usr/share/nvim/runtime/filetype.vim
037.576  000.023  000.023: sourcing /usr/share/nvim/runtime/ftplugin.vim
037.633  000.018  000.018: sourcing /usr/share/nvim/runtime/indent.vim
037.779  000.076  000.076: sourcing /usr/share/nvim/runtime/syntax/synload.vim
037.830  000.174  000.099: sourcing /usr/share/nvim/runtime/syntax/syntax.vim
038.276  000.010  000.010: sourcing /usr/share/nvim/runtime/plugin/gzip.vim
038.289  000.006  000.006: sourcing /usr/share/nvim/runtime/plugin/health.vim
038.316  000.020  000.020: sourcing /usr/share/nvim/runtime/plugin/man.vim
038.332  000.006  000.006: sourcing /usr/share/nvim/runtime/plugin/matchit.vim
038.428  000.089  000.089: sourcing /usr/share/nvim/runtime/plugin/matchparen.vim
038.449  000.010  000.010: sourcing /usr/share/nvim/runtime/plugin/netrwPlugin.vim
038.533  000.006  000.006: sourcing /home/c/.local/share/nvim/rplugin.vim
038.537  000.082  000.076: sourcing /usr/share/nvim/runtime/plugin/rplugin.vim
038.580  000.037  000.037: sourcing /usr/share/nvim/runtime/plugin/shada.vim
039.150  000.556  000.556: sourcing /usr/share/nvim/runtime/plugin/sniprun.vim
039.176  000.008  000.008: sourcing /usr/share/nvim/runtime/plugin/spellfile.vim
039.194  000.009  000.009: sourcing /usr/share/nvim/runtime/plugin/tarPlugin.vim
039.209  000.006  000.006: sourcing /usr/share/nvim/runtime/plugin/tohtml.vim
039.227  000.010  000.010: sourcing /usr/share/nvim/runtime/plugin/tutor.vim
039.245  000.010  000.010: sourcing /usr/share/nvim/runtime/plugin/zipPlugin.vim
039.606  000.323  000.323: sourcing /usr/share/vim/vimfiles/plugin/fzf.vim
040.115  000.462  000.462: sourcing /home/c/.config/nvim/plugin/packer_compiled.lua
040.240  000.920: loading rtp plugins
040.737  000.332  000.332: sourcing /home/c/.local/share/nvim/site/pack/packer/start/nvim-treesitter/plugin/nvim-treesitter.vim
040.849  000.024  000.024: sourcing /home/c/.local/share/nvim/site/pack/packer/start/nvim-web-devicons/plugin/nvim-web-devicons.vim
040.924  000.019  000.019: sourcing /home/c/.local/share/nvim/site/pack/packer/start/plenary.nvim/plugin/plenary.vim
041.019  000.405: loading packages
041.363  000.344: loading after plugins
041.372  000.009: inits 3
042.555  001.183: reading ShaDa
045.766  000.045  000.045: sourcing /usr/share/nvim/runtime/ftplugin/lua.vim
046.303  000.025  000.025: sourcing /usr/share/nvim/runtime/indent/lua.vim
046.887  000.435  000.435: sourcing /usr/share/nvim/runtime/syntax/lua.vim
049.574  000.081  000.081: sourcing /home/c/.local/share/nvim/site/pack/packer/opt/vim-commentary/plugin/commentary.vim
049.916  000.209  000.209: sourcing /home/c/.local/share/nvim/site/pack/packer/opt/vim-surround/plugin/surround.vim
050.540  000.488  000.488: sourcing /home/c/.local/share/nvim/site/pack/packer/opt/indent-blankline.nvim/plugin/indent_blankline.vim
051.772  000.722  000.722: sourcing /home/c/.local/share/nvim/site/pack/packer/opt/lightspeed.nvim/plugin/lightspeed.vim
051.942  000.021  000.021: sourcing /home/c/.local/share/nvim/site/pack/packer/opt/nvim-colorizer.lua/plugin/colorizer.vim
052.668  000.462  000.462: sourcing /home/c/.local/share/nvim/site/pack/packer/opt/nvim-cmp/plugin/cmp.lua
053.077  000.110  000.110: sourcing /home/c/.local/share/nvim/site/pack/packer/opt/LuaSnip/plugin/luasnip.vim
053.130  000.008  000.008: sourcing /home/c/.local/share/nvim/site/pack/packer/opt/LuaSnip/ftdetect/snippets.vim
053.343  000.071  000.071: sourcing /home/c/.local/share/nvim/site/pack/packer/opt/cmp_luasnip/after/plugin/cmp_luasnip.lua
053.528  000.076  000.076: sourcing /home/c/.local/share/nvim/site/pack/packer/opt/cmp-nvim-lsp/after/plugin/cmp_nvim_lsp.lua
053.687  000.050  000.050: sourcing /home/c/.local/share/nvim/site/pack/packer/opt/cmp-path/after/plugin/cmp_path.lua
054.433  009.074: opening buffers
054.494  000.061: BufEnter autocommands
054.496  000.002: editing files in windows
054.607  000.009  000.009: sourcing /home/c/.local/share/nvim/site/pack/packer/opt/which-key.nvim/plugin/which-key.vim
063.033  000.017  000.017: sourcing /home/c/.local/share/nvim/site/pack/packer/opt/todo-comments.nvim/plugin/todo.vim
065.192  010.670: VimEnter autocommands
065.194  000.002: UIEnter autocommands
066.058  000.138  000.138: sourcing /usr/share/nvim/runtime/autoload/provider/clipboard.vim
066.063  000.730: before starting main loop
070.707  004.644: first screen update
070.709  000.002: --- NVIM STARTED ---


times in msec
 clock   self+sourced   self:  sourced script
 clock   elapsed:              other lines

000.004  000.004: --- NVIM STARTING ---
000.148  000.144: locale set
000.315  000.168: inits 1
000.322  000.006: window checked
002.373  002.052: parsing arguments
002.402  000.029: expanding arguments
002.417  000.015: inits 2
002.702  000.286: init highlight
002.703  000.001: waiting for UI
003.362  000.659: done waiting for UI
003.380  000.018: init screen for UI
003.390  000.010: init default mappings
003.439  000.048: init default autocommands
003.474  000.008  000.008: sourcing /usr/share/nvim/archlinux.vim
003.476  000.024  000.017: sourcing /etc/xdg/nvim/sysinit.vim
031.224  001.423  001.423: sourcing /home/c/.local/share/nvim/site/pack/packer/start/material.nvim/colors/material.vim
037.479  033.993  032.570: sourcing /home/c/.config/nvim/init.lua
037.487  000.031: sourcing vimrc file(s)
037.528  000.018  000.018: sourcing /home/c/.local/share/nvim/site/pack/packer/start/filetype.nvim/filetype.vim
037.640  000.088  000.088: sourcing /usr/share/nvim/runtime/filetype.vim
037.706  000.023  000.023: sourcing /usr/share/nvim/runtime/ftplugin.vim
037.760  000.015  000.015: sourcing /usr/share/nvim/runtime/indent.vim
037.889  000.047  000.047: sourcing /usr/share/nvim/runtime/syntax/synload.vim
037.941  000.163  000.115: sourcing /usr/share/nvim/runtime/syntax/syntax.vim
038.359  000.009  000.009: sourcing /usr/share/nvim/runtime/plugin/gzip.vim
038.373  000.005  000.005: sourcing /usr/share/nvim/runtime/plugin/health.vim
038.399  000.020  000.020: sourcing /usr/share/nvim/runtime/plugin/man.vim
038.414  000.006  000.006: sourcing /usr/share/nvim/runtime/plugin/matchit.vim
038.568  000.148  000.148: sourcing /usr/share/nvim/runtime/plugin/matchparen.vim
038.590  000.011  000.011: sourcing /usr/share/nvim/runtime/plugin/netrwPlugin.vim
038.683  000.006  000.006: sourcing /home/c/.local/share/nvim/rplugin.vim
038.687  000.088  000.082: sourcing /usr/share/nvim/runtime/plugin/rplugin.vim
038.729  000.036  000.036: sourcing /usr/share/nvim/runtime/plugin/shada.vim
039.328  000.583  000.583: sourcing /usr/share/nvim/runtime/plugin/sniprun.vim
039.348  000.008  000.008: sourcing /usr/share/nvim/runtime/plugin/spellfile.vim
039.366  000.009  000.009: sourcing /usr/share/nvim/runtime/plugin/tarPlugin.vim
039.380  000.006  000.006: sourcing /usr/share/nvim/runtime/plugin/tohtml.vim
039.399  000.011  000.011: sourcing /usr/share/nvim/runtime/plugin/tutor.vim
039.418  000.011  000.011: sourcing /usr/share/nvim/runtime/plugin/zipPlugin.vim
039.780  000.322  000.322: sourcing /usr/share/vim/vimfiles/plugin/fzf.vim
040.299  000.471  000.471: sourcing /home/c/.config/nvim/plugin/packer_compiled.lua
040.428  000.892: loading rtp plugins
040.970  000.379  000.379: sourcing /home/c/.local/share/nvim/site/pack/packer/start/nvim-treesitter/plugin/nvim-treesitter.vim
041.059  000.020  000.020: sourcing /home/c/.local/share/nvim/site/pack/packer/start/nvim-web-devicons/plugin/nvim-web-devicons.vim
041.133  000.019  000.019: sourcing /home/c/.local/share/nvim/site/pack/packer/start/plenary.nvim/plugin/plenary.vim
041.228  000.383: loading packages
041.573  000.345: loading after plugins
041.582  000.009: inits 3
042.780  001.198: reading ShaDa
045.966  000.043  000.043: sourcing /usr/share/nvim/runtime/ftplugin/lua.vim
046.506  000.025  000.025: sourcing /usr/share/nvim/runtime/indent/lua.vim
047.083  000.427  000.427: sourcing /usr/share/nvim/runtime/syntax/lua.vim
049.762  000.079  000.079: sourcing /home/c/.local/share/nvim/site/pack/packer/opt/vim-commentary/plugin/commentary.vim
050.103  000.207  000.207: sourcing /home/c/.local/share/nvim/site/pack/packer/opt/vim-surround/plugin/surround.vim
050.695  000.458  000.458: sourcing /home/c/.local/share/nvim/site/pack/packer/opt/indent-blankline.nvim/plugin/indent_blankline.vim
051.886  000.668  000.668: sourcing /home/c/.local/share/nvim/site/pack/packer/opt/lightspeed.nvim/plugin/lightspeed.vim
052.054  000.020  000.020: sourcing /home/c/.local/share/nvim/site/pack/packer/opt/nvim-colorizer.lua/plugin/colorizer.vim
052.766  000.457  000.457: sourcing /home/c/.local/share/nvim/site/pack/packer/opt/nvim-cmp/plugin/cmp.lua
053.185  000.112  000.112: sourcing /home/c/.local/share/nvim/site/pack/packer/opt/LuaSnip/plugin/luasnip.vim
053.238  000.008  000.008: sourcing /home/c/.local/share/nvim/site/pack/packer/opt/LuaSnip/ftdetect/snippets.vim
053.444  000.064  000.064: sourcing /home/c/.local/share/nvim/site/pack/packer/opt/cmp_luasnip/after/plugin/cmp_luasnip.lua
053.626  000.074  000.074: sourcing /home/c/.local/share/nvim/site/pack/packer/opt/cmp-nvim-lsp/after/plugin/cmp_nvim_lsp.lua
053.793  000.054  000.054: sourcing /home/c/.local/share/nvim/site/pack/packer/opt/cmp-path/after/plugin/cmp_path.lua
054.517  009.042: opening buffers
054.585  000.068: BufEnter autocommands
054.586  000.002: editing files in windows
054.696  000.009  000.009: sourcing /home/c/.local/share/nvim/site/pack/packer/opt/which-key.nvim/plugin/which-key.vim
062.843  000.017  000.017: sourcing /home/c/.local/share/nvim/site/pack/packer/opt/todo-comments.nvim/plugin/todo.vim
064.971  010.359: VimEnter autocommands
064.974  000.002: UIEnter autocommands
065.924  000.139  000.139: sourcing /usr/share/nvim/runtime/autoload/provider/clipboard.vim
065.929  000.817: before starting main loop
070.575  004.646: first screen update
070.577  000.002: --- NVIM STARTED ---


times in msec
 clock   self+sourced   self:  sourced script
 clock   elapsed:              other lines

000.004  000.004: --- NVIM STARTING ---
000.153  000.149: locale set
000.324  000.171: inits 1
000.331  000.006: window checked
002.384  002.053: parsing arguments
002.413  000.029: expanding arguments
002.427  000.014: inits 2
002.709  000.282: init highlight
002.710  000.001: waiting for UI
003.458  000.749: done waiting for UI
003.479  000.020: init screen for UI
003.489  000.011: init default mappings
003.537  000.048: init default autocommands
003.570  000.008  000.008: sourcing /usr/share/nvim/archlinux.vim
003.572  000.023  000.016: sourcing /etc/xdg/nvim/sysinit.vim
031.231  001.356  001.356: sourcing /home/c/.local/share/nvim/site/pack/packer/start/material.nvim/colors/material.vim
037.538  033.956  032.599: sourcing /home/c/.config/nvim/init.lua
037.546  000.029: sourcing vimrc file(s)
037.585  000.016  000.016: sourcing /home/c/.local/share/nvim/site/pack/packer/start/filetype.nvim/filetype.vim
037.688  000.077  000.077: sourcing /usr/share/nvim/runtime/filetype.vim
037.752  000.022  000.022: sourcing /usr/share/nvim/runtime/ftplugin.vim
037.806  000.015  000.015: sourcing /usr/share/nvim/runtime/indent.vim
037.943  000.050  000.050: sourcing /usr/share/nvim/runtime/syntax/synload.vim
037.996  000.170  000.120: sourcing /usr/share/nvim/runtime/syntax/syntax.vim
038.439  000.010  000.010: sourcing /usr/share/nvim/runtime/plugin/gzip.vim
038.453  000.006  000.006: sourcing /usr/share/nvim/runtime/plugin/health.vim
038.484  000.024  000.024: sourcing /usr/share/nvim/runtime/plugin/man.vim
038.499  000.007  000.007: sourcing /usr/share/nvim/runtime/plugin/matchit.vim
038.591  000.086  000.086: sourcing /usr/share/nvim/runtime/plugin/matchparen.vim
038.609  000.010  000.010: sourcing /usr/share/nvim/runtime/plugin/netrwPlugin.vim
038.693  000.006  000.006: sourcing /home/c/.local/share/nvim/rplugin.vim
038.697  000.081  000.075: sourcing /usr/share/nvim/runtime/plugin/rplugin.vim
038.740  000.036  000.036: sourcing /usr/share/nvim/runtime/plugin/shada.vim
039.346  000.590  000.590: sourcing /usr/share/nvim/runtime/plugin/sniprun.vim
039.367  000.008  000.008: sourcing /usr/share/nvim/runtime/plugin/spellfile.vim
039.385  000.010  000.010: sourcing /usr/share/nvim/runtime/plugin/tarPlugin.vim
039.399  000.006  000.006: sourcing /usr/share/nvim/runtime/plugin/tohtml.vim
039.418  000.010  000.010: sourcing /usr/share/nvim/runtime/plugin/tutor.vim
039.437  000.010  000.010: sourcing /usr/share/nvim/runtime/plugin/zipPlugin.vim
039.797  000.322  000.322: sourcing /usr/share/vim/vimfiles/plugin/fzf.vim
040.322  000.476  000.476: sourcing /home/c/.config/nvim/plugin/packer_compiled.lua
040.445  000.907: loading rtp plugins
040.947  000.340  000.340: sourcing /home/c/.local/share/nvim/site/pack/packer/start/nvim-treesitter/plugin/nvim-treesitter.vim
041.039  000.022  000.022: sourcing /home/c/.local/share/nvim/site/pack/packer/start/nvim-web-devicons/plugin/nvim-web-devicons.vim
041.116  000.019  000.019: sourcing /home/c/.local/share/nvim/site/pack/packer/start/plenary.nvim/plugin/plenary.vim
041.212  000.386: loading packages
041.554  000.342: loading after plugins
041.563  000.009: inits 3
042.772  001.209: reading ShaDa
045.888  000.045  000.045: sourcing /usr/share/nvim/runtime/ftplugin/lua.vim
046.424  000.025  000.025: sourcing /usr/share/nvim/runtime/indent/lua.vim
047.014  000.442  000.442: sourcing /usr/share/nvim/runtime/syntax/lua.vim
049.669  000.081  000.081: sourcing /home/c/.local/share/nvim/site/pack/packer/opt/vim-commentary/plugin/commentary.vim
050.011  000.209  000.209: sourcing /home/c/.local/share/nvim/site/pack/packer/opt/vim-surround/plugin/surround.vim
050.720  000.573  000.573: sourcing /home/c/.local/share/nvim/site/pack/packer/opt/indent-blankline.nvim/plugin/indent_blankline.vim
051.955  000.650  000.650: sourcing /home/c/.local/share/nvim/site/pack/packer/opt/lightspeed.nvim/plugin/lightspeed.vim
052.129  000.024  000.024: sourcing /home/c/.local/share/nvim/site/pack/packer/opt/nvim-colorizer.lua/plugin/colorizer.vim
052.848  000.459  000.459: sourcing /home/c/.local/share/nvim/site/pack/packer/opt/nvim-cmp/plugin/cmp.lua
053.261  000.110  000.110: sourcing /home/c/.local/share/nvim/site/pack/packer/opt/LuaSnip/plugin/luasnip.vim
053.313  000.008  000.008: sourcing /home/c/.local/share/nvim/site/pack/packer/opt/LuaSnip/ftdetect/snippets.vim
053.532  000.071  000.071: sourcing /home/c/.local/share/nvim/site/pack/packer/opt/cmp_luasnip/after/plugin/cmp_luasnip.lua
053.715  000.073  000.073: sourcing /home/c/.local/share/nvim/site/pack/packer/opt/cmp-nvim-lsp/after/plugin/cmp_nvim_lsp.lua
053.876  000.051  000.051: sourcing /home/c/.local/share/nvim/site/pack/packer/opt/cmp-path/after/plugin/cmp_path.lua
054.523  008.931: opening buffers
054.595  000.072: BufEnter autocommands
054.597  000.002: editing files in windows
054.710  000.009  000.009: sourcing /home/c/.local/share/nvim/site/pack/packer/opt/which-key.nvim/plugin/which-key.vim
062.962  000.018  000.018: sourcing /home/c/.local/share/nvim/site/pack/packer/opt/todo-comments.nvim/plugin/todo.vim
065.071  010.448: VimEnter autocommands
065.074  000.003: UIEnter autocommands
066.005  000.141  000.141: sourcing /usr/share/nvim/runtime/autoload/provider/clipboard.vim
066.010  000.795: before starting main loop
070.559  004.549: first screen update
070.561  000.002: --- NVIM STARTED ---


times in msec
 clock   self+sourced   self:  sourced script
 clock   elapsed:              other lines

000.006  000.006: --- NVIM STARTING ---
000.230  000.224: locale set
000.488  000.258: inits 1
000.498  000.010: window checked
003.472  002.974: parsing arguments
003.497  000.024: expanding arguments
003.510  000.013: inits 2
003.793  000.283: init highlight
003.794  000.001: waiting for UI
004.539  000.745: done waiting for UI
004.571  000.032: init screen for UI
004.588  000.017: init default mappings
004.668  000.080: init default autocommands
004.715  000.009  000.009: sourcing /usr/share/nvim/archlinux.vim
004.718  000.030  000.021: sourcing /etc/xdg/nvim/sysinit.vim
032.486  001.416  001.416: sourcing /home/c/.local/share/nvim/site/pack/packer/start/material.nvim/colors/material.vim
038.827  034.095  032.679: sourcing /home/c/.config/nvim/init.lua
038.835  000.041: sourcing vimrc file(s)
038.875  000.017  000.017: sourcing /home/c/.local/share/nvim/site/pack/packer/start/filetype.nvim/filetype.vim
038.981  000.082  000.082: sourcing /usr/share/nvim/runtime/filetype.vim
039.061  000.026  000.026: sourcing /usr/share/nvim/runtime/ftplugin.vim
039.126  000.017  000.017: sourcing /usr/share/nvim/runtime/indent.vim
039.246  000.051  000.051: sourcing /usr/share/nvim/runtime/syntax/synload.vim
039.319  000.176  000.125: sourcing /usr/share/nvim/runtime/syntax/syntax.vim
039.787  000.010  000.010: sourcing /usr/share/nvim/runtime/plugin/gzip.vim
039.801  000.006  000.006: sourcing /usr/share/nvim/runtime/plugin/health.vim
039.828  000.021  000.021: sourcing /usr/share/nvim/runtime/plugin/man.vim
039.841  000.007  000.007: sourcing /usr/share/nvim/runtime/plugin/matchit.vim
039.939  000.091  000.091: sourcing /usr/share/nvim/runtime/plugin/matchparen.vim
039.962  000.012  000.012: sourcing /usr/share/nvim/runtime/plugin/netrwPlugin.vim
040.046  000.006  000.006: sourcing /home/c/.local/share/nvim/rplugin.vim
040.050  000.080  000.074: sourcing /usr/share/nvim/runtime/plugin/rplugin.vim
040.092  000.035  000.035: sourcing /usr/share/nvim/runtime/plugin/shada.vim
040.667  000.563  000.563: sourcing /usr/share/nvim/runtime/plugin/sniprun.vim
040.688  000.008  000.008: sourcing /usr/share/nvim/runtime/plugin/spellfile.vim
040.707  000.010  000.010: sourcing /usr/share/nvim/runtime/plugin/tarPlugin.vim
040.721  000.006  000.006: sourcing /usr/share/nvim/runtime/plugin/tohtml.vim
040.743  000.011  000.011: sourcing /usr/share/nvim/runtime/plugin/tutor.vim
040.762  000.010  000.010: sourcing /usr/share/nvim/runtime/plugin/zipPlugin.vim
041.125  000.324  000.324: sourcing /usr/share/vim/vimfiles/plugin/fzf.vim
041.651  000.476  000.476: sourcing /home/c/.config/nvim/plugin/packer_compiled.lua
041.791  000.969: loading rtp plugins
042.281  000.330  000.330: sourcing /home/c/.local/share/nvim/site/pack/packer/start/nvim-treesitter/plugin/nvim-treesitter.vim
042.372  000.021  000.021: sourcing /home/c/.local/share/nvim/site/pack/packer/start/nvim-web-devicons/plugin/nvim-web-devicons.vim
042.449  000.018  000.018: sourcing /home/c/.local/share/nvim/site/pack/packer/start/plenary.nvim/plugin/plenary.vim
042.545  000.385: loading packages
042.896  000.351: loading after plugins
042.905  000.009: inits 3
044.153  001.248: reading ShaDa
047.378  000.046  000.046: sourcing /usr/share/nvim/runtime/ftplugin/lua.vim
047.914  000.025  000.025: sourcing /usr/share/nvim/runtime/indent/lua.vim
048.515  000.453  000.453: sourcing /usr/share/nvim/runtime/syntax/lua.vim
051.358  000.082  000.082: sourcing /home/c/.local/share/nvim/site/pack/packer/opt/vim-commentary/plugin/commentary.vim
051.728  000.232  000.232: sourcing /home/c/.local/share/nvim/site/pack/packer/opt/vim-surround/plugin/surround.vim
052.385  000.517  000.517: sourcing /home/c/.local/share/nvim/site/pack/packer/opt/indent-blankline.nvim/plugin/indent_blankline.vim
053.529  000.702  000.702: sourcing /home/c/.local/share/nvim/site/pack/packer/opt/lightspeed.nvim/plugin/lightspeed.vim
053.701  000.021  000.021: sourcing /home/c/.local/share/nvim/site/pack/packer/opt/nvim-colorizer.lua/plugin/colorizer.vim
054.512  000.465  000.465: sourcing /home/c/.local/share/nvim/site/pack/packer/opt/nvim-cmp/plugin/cmp.lua
054.938  000.116  000.116: sourcing /home/c/.local/share/nvim/site/pack/packer/opt/LuaSnip/plugin/luasnip.vim
054.996  000.013  000.013: sourcing /home/c/.local/share/nvim/site/pack/packer/opt/LuaSnip/ftdetect/snippets.vim
055.211  000.067  000.067: sourcing /home/c/.local/share/nvim/site/pack/packer/opt/cmp_luasnip/after/plugin/cmp_luasnip.lua
055.395  000.072  000.072: sourcing /home/c/.local/share/nvim/site/pack/packer/opt/cmp-nvim-lsp/after/plugin/cmp_nvim_lsp.lua
055.556  000.052  000.052: sourcing /home/c/.local/share/nvim/site/pack/packer/opt/cmp-path/after/plugin/cmp_path.lua
056.302  009.286: opening buffers
056.363  000.061: BufEnter autocommands
056.364  000.002: editing files in windows
056.476  000.008  000.008: sourcing /home/c/.local/share/nvim/site/pack/packer/opt/which-key.nvim/plugin/which-key.vim
064.815  000.017  000.017: sourcing /home/c/.local/share/nvim/site/pack/packer/opt/todo-comments.nvim/plugin/todo.vim
066.866  010.476: VimEnter autocommands
066.868  000.002: UIEnter autocommands
067.757  000.145  000.145: sourcing /usr/share/nvim/runtime/autoload/provider/clipboard.vim
067.762  000.749: before starting main loop
072.429  004.667: first screen update
072.431  000.002: --- NVIM STARTED ---


times in msec
 clock   self+sourced   self:  sourced script
 clock   elapsed:              other lines

000.004  000.004: --- NVIM STARTING ---
000.149  000.145: locale set
000.318  000.170: inits 1
000.326  000.008: window checked
002.359  002.033: parsing arguments
002.385  000.026: expanding arguments
002.401  000.016: inits 2
002.683  000.282: init highlight
002.684  000.001: waiting for UI
003.620  000.936: done waiting for UI
003.638  000.018: init screen for UI
003.649  000.010: init default mappings
003.701  000.052: init default autocommands
003.734  000.008  000.008: sourcing /usr/share/nvim/archlinux.vim
003.736  000.022  000.015: sourcing /etc/xdg/nvim/sysinit.vim
032.126  001.792  001.792: sourcing /home/c/.local/share/nvim/site/pack/packer/start/material.nvim/colors/material.vim
038.323  034.576  032.784: sourcing /home/c/.config/nvim/init.lua
038.330  000.031: sourcing vimrc file(s)
038.371  000.018  000.018: sourcing /home/c/.local/share/nvim/site/pack/packer/start/filetype.nvim/filetype.vim
038.469  000.073  000.073: sourcing /usr/share/nvim/runtime/filetype.vim
038.533  000.022  000.022: sourcing /usr/share/nvim/runtime/ftplugin.vim
038.586  000.015  000.015: sourcing /usr/share/nvim/runtime/indent.vim
038.700  000.051  000.051: sourcing /usr/share/nvim/runtime/syntax/synload.vim
038.775  000.171  000.120: sourcing /usr/share/nvim/runtime/syntax/syntax.vim
039.225  000.010  000.010: sourcing /usr/share/nvim/runtime/plugin/gzip.vim
039.238  000.006  000.006: sourcing /usr/share/nvim/runtime/plugin/health.vim
039.265  000.020  000.020: sourcing /usr/share/nvim/runtime/plugin/man.vim
039.279  000.007  000.007: sourcing /usr/share/nvim/runtime/plugin/matchit.vim
039.373  000.088  000.088: sourcing /usr/share/nvim/runtime/plugin/matchparen.vim
039.393  000.010  000.010: sourcing /usr/share/nvim/runtime/plugin/netrwPlugin.vim
039.480  000.006  000.006: sourcing /home/c/.local/share/nvim/rplugin.vim
039.483  000.084  000.079: sourcing /usr/share/nvim/runtime/plugin/rplugin.vim
039.525  000.035  000.035: sourcing /usr/share/nvim/runtime/plugin/shada.vim
040.112  000.570  000.570: sourcing /usr/share/nvim/runtime/plugin/sniprun.vim
040.134  000.008  000.008: sourcing /usr/share/nvim/runtime/plugin/spellfile.vim
040.152  000.009  000.009: sourcing /usr/share/nvim/runtime/plugin/tarPlugin.vim
040.166  000.006  000.006: sourcing /usr/share/nvim/runtime/plugin/tohtml.vim
040.184  000.010  000.010: sourcing /usr/share/nvim/runtime/plugin/tutor.vim
040.203  000.010  000.010: sourcing /usr/share/nvim/runtime/plugin/zipPlugin.vim
040.559  000.317  000.317: sourcing /usr/share/vim/vimfiles/plugin/fzf.vim
041.074  000.468  000.468: sourcing /home/c/.config/nvim/plugin/packer_compiled.lua
041.204  000.919: loading rtp plugins
041.643  000.281  000.281: sourcing /home/c/.local/share/nvim/site/pack/packer/start/nvim-treesitter/plugin/nvim-treesitter.vim
041.732  000.021  000.021: sourcing /home/c/.local/share/nvim/site/pack/packer/start/nvim-web-devicons/plugin/nvim-web-devicons.vim
041.810  000.019  000.019: sourcing /home/c/.local/share/nvim/site/pack/packer/start/plenary.nvim/plugin/plenary.vim
041.908  000.383: loading packages
042.251  000.344: loading after plugins
042.260  000.009: inits 3
043.442  001.182: reading ShaDa
046.583  000.046  000.046: sourcing /usr/share/nvim/runtime/ftplugin/lua.vim
047.112  000.025  000.025: sourcing /usr/share/nvim/runtime/indent/lua.vim
047.697  000.440  000.440: sourcing /usr/share/nvim/runtime/syntax/lua.vim
050.518  000.080  000.080: sourcing /home/c/.local/share/nvim/site/pack/packer/opt/vim-commentary/plugin/commentary.vim
050.861  000.208  000.208: sourcing /home/c/.local/share/nvim/site/pack/packer/opt/vim-surround/plugin/surround.vim
051.482  000.476  000.476: sourcing /home/c/.local/share/nvim/site/pack/packer/opt/indent-blankline.nvim/plugin/indent_blankline.vim
052.621  000.645  000.645: sourcing /home/c/.local/share/nvim/site/pack/packer/opt/lightspeed.nvim/plugin/lightspeed.vim
052.798  000.020  000.020: sourcing /home/c/.local/share/nvim/site/pack/packer/opt/nvim-colorizer.lua/plugin/colorizer.vim
053.659  000.512  000.512: sourcing /home/c/.local/share/nvim/site/pack/packer/opt/nvim-cmp/plugin/cmp.lua
054.075  000.112  000.112: sourcing /home/c/.local/share/nvim/site/pack/packer/opt/LuaSnip/plugin/luasnip.vim
054.131  000.008  000.008: sourcing /home/c/.local/share/nvim/site/pack/packer/opt/LuaSnip/ftdetect/snippets.vim
054.340  000.068  000.068: sourcing /home/c/.local/share/nvim/site/pack/packer/opt/cmp_luasnip/after/plugin/cmp_luasnip.lua
054.522  000.074  000.074: sourcing /home/c/.local/share/nvim/site/pack/packer/opt/cmp-nvim-lsp/after/plugin/cmp_nvim_lsp.lua
054.681  000.050  000.050: sourcing /home/c/.local/share/nvim/site/pack/packer/opt/cmp-path/after/plugin/cmp_path.lua
055.303  009.096: opening buffers
055.417  000.114: BufEnter autocommands
055.419  000.002: editing files in windows
055.529  000.009  000.009: sourcing /home/c/.local/share/nvim/site/pack/packer/opt/which-key.nvim/plugin/which-key.vim
064.230  000.017  000.017: sourcing /home/c/.local/share/nvim/site/pack/packer/opt/todo-comments.nvim/plugin/todo.vim
066.302  010.858: VimEnter autocommands
066.305  000.003: UIEnter autocommands
067.139  000.139  000.139: sourcing /usr/share/nvim/runtime/autoload/provider/clipboard.vim
067.144  000.700: before starting main loop
072.027  004.883: first screen update
072.029  000.002: --- NVIM STARTED ---


times in msec
 clock   self+sourced   self:  sourced script
 clock   elapsed:              other lines

000.009  000.009: --- NVIM STARTING ---
000.205  000.195: locale set
000.376  000.171: inits 1
000.383  000.007: window checked
002.407  002.024: parsing arguments
002.435  000.028: expanding arguments
002.448  000.013: inits 2
002.730  000.282: init highlight
002.731  000.001: waiting for UI
003.747  001.016: done waiting for UI
003.765  000.018: init screen for UI
003.775  000.010: init default mappings
003.823  000.048: init default autocommands
003.855  000.008  000.008: sourcing /usr/share/nvim/archlinux.vim
003.856  000.021  000.013: sourcing /etc/xdg/nvim/sysinit.vim
031.247  001.390  001.390: sourcing /home/c/.local/share/nvim/site/pack/packer/start/material.nvim/colors/material.vim
037.387  033.520  032.130: sourcing /home/c/.config/nvim/init.lua
037.394  000.030: sourcing vimrc file(s)
037.433  000.016  000.016: sourcing /home/c/.local/share/nvim/site/pack/packer/start/filetype.nvim/filetype.vim
037.553  000.095  000.095: sourcing /usr/share/nvim/runtime/filetype.vim
037.619  000.023  000.023: sourcing /usr/share/nvim/runtime/ftplugin.vim
037.673  000.015  000.015: sourcing /usr/share/nvim/runtime/indent.vim
037.819  000.078  000.078: sourcing /usr/share/nvim/runtime/syntax/synload.vim
037.869  000.174  000.096: sourcing /usr/share/nvim/runtime/syntax/syntax.vim
038.310  000.010  000.010: sourcing /usr/share/nvim/runtime/plugin/gzip.vim
038.324  000.005  000.005: sourcing /usr/share/nvim/runtime/plugin/health.vim
038.350  000.020  000.020: sourcing /usr/share/nvim/runtime/plugin/man.vim
038.365  000.006  000.006: sourcing /usr/share/nvim/runtime/plugin/matchit.vim
038.461  000.088  000.088: sourcing /usr/share/nvim/runtime/plugin/matchparen.vim
038.481  000.010  000.010: sourcing /usr/share/nvim/runtime/plugin/netrwPlugin.vim
038.565  000.006  000.006: sourcing /home/c/.local/share/nvim/rplugin.vim
038.569  000.082  000.076: sourcing /usr/share/nvim/runtime/plugin/rplugin.vim
038.611  000.035  000.035: sourcing /usr/share/nvim/runtime/plugin/shada.vim
039.184  000.557  000.557: sourcing /usr/share/nvim/runtime/plugin/sniprun.vim
039.205  000.007  000.007: sourcing /usr/share/nvim/runtime/plugin/spellfile.vim
039.222  000.008  000.008: sourcing /usr/share/nvim/runtime/plugin/tarPlugin.vim
039.240  000.010  000.010: sourcing /usr/share/nvim/runtime/plugin/tohtml.vim
039.258  000.010  000.010: sourcing /usr/share/nvim/runtime/plugin/tutor.vim
039.276  000.010  000.010: sourcing /usr/share/nvim/runtime/plugin/zipPlugin.vim
039.633  000.318  000.318: sourcing /usr/share/vim/vimfiles/plugin/fzf.vim
040.145  000.463  000.463: sourcing /home/c/.config/nvim/plugin/packer_compiled.lua
040.266  000.908: loading rtp plugins
040.753  000.330  000.330: sourcing /home/c/.local/share/nvim/site/pack/packer/start/nvim-treesitter/plugin/nvim-treesitter.vim
040.845  000.021  000.021: sourcing /home/c/.local/share/nvim/site/pack/packer/start/nvim-web-devicons/plugin/nvim-web-devicons.vim
040.918  000.018  000.018: sourcing /home/c/.local/share/nvim/site/pack/packer/start/plenary.nvim/plugin/plenary.vim
041.013  000.377: loading packages
041.356  000.343: loading after plugins
041.364  000.009: inits 3
042.534  001.170: reading ShaDa
045.617  000.043  000.043: sourcing /usr/share/nvim/runtime/ftplugin/lua.vim
046.159  000.029  000.029: sourcing /usr/share/nvim/runtime/indent/lua.vim
046.743  000.436  000.436: sourcing /usr/share/nvim/runtime/syntax/lua.vim
049.488  000.079  000.079: sourcing /home/c/.local/share/nvim/site/pack/packer/opt/vim-commentary/plugin/commentary.vim
049.827  000.206  000.206: sourcing /home/c/.local/share/nvim/site/pack/packer/opt/vim-surround/plugin/surround.vim
050.438  000.478  000.478: sourcing /home/c/.local/share/nvim/site/pack/packer/opt/indent-blankline.nvim/plugin/indent_blankline.vim
051.665  000.745  000.745: sourcing /home/c/.local/share/nvim/site/pack/packer/opt/lightspeed.nvim/plugin/lightspeed.vim
051.836  000.020  000.020: sourcing /home/c/.local/share/nvim/site/pack/packer/opt/nvim-colorizer.lua/plugin/colorizer.vim
052.549  000.462  000.462: sourcing /home/c/.local/share/nvim/site/pack/packer/opt/nvim-cmp/plugin/cmp.lua
052.972  000.112  000.112: sourcing /home/c/.local/share/nvim/site/pack/packer/opt/LuaSnip/plugin/luasnip.vim
053.025  000.008  000.008: sourcing /home/c/.local/share/nvim/site/pack/packer/opt/LuaSnip/ftdetect/snippets.vim
053.234  000.065  000.065: sourcing /home/c/.local/share/nvim/site/pack/packer/opt/cmp_luasnip/after/plugin/cmp_luasnip.lua
053.415  000.071  000.071: sourcing /home/c/.local/share/nvim/site/pack/packer/opt/cmp-nvim-lsp/after/plugin/cmp_nvim_lsp.lua
053.575  000.051  000.051: sourcing /home/c/.local/share/nvim/site/pack/packer/opt/cmp-path/after/plugin/cmp_path.lua
054.227  008.885: opening buffers
054.309  000.082: BufEnter autocommands
054.311  000.002: editing files in windows
054.419  000.009  000.009: sourcing /home/c/.local/share/nvim/site/pack/packer/opt/which-key.nvim/plugin/which-key.vim
062.848  000.015  000.015: sourcing /home/c/.local/share/nvim/site/pack/packer/opt/todo-comments.nvim/plugin/todo.vim
065.150  010.815: VimEnter autocommands
065.152  000.002: UIEnter autocommands
065.979  000.141  000.141: sourcing /usr/share/nvim/runtime/autoload/provider/clipboard.vim
065.984  000.690: before starting main loop
070.825  004.842: first screen update
070.828  000.003: --- NVIM STARTED ---
